This is pdfTeX, Version 3.14159265-2.6-1.40.18 (MiKTeX 2.9.6500 64-bit) (preloaded format=pdflatex 2017.12.4)  22 JAN 2018 16:40
entering extended mode
**"./Energy Efficient Explosive Motion with Compliant Actuation Arrangements in
 Articulated Robots.tex"

("Energy Efficient Explosive Motion with Compliant Actuation Arrangements in Ar
ticulated Robots.tex"
LaTeX2e <2017-04-15>
Babel <3.15> and hyphenation patterns for 75 language(s) loaded.
(ieeeconf.cls
Document Class: ieeeconf 2016/4/23 revision V1.6b by Pradeep Misra
\@IEEEtrantmpdimenA=\dimen102
\@IEEEtrantmpdimenB=\dimen103
\@IEEEtrantmpcountA=\count79
\@IEEEtrantmpcountB=\count80
\@IEEEtrantmptoksA=\toks14
LaTeX Font Info:    Try loading font information for OT1+ptm on input line 794.

("C:\Program Files\MiKTeX 2.9\tex\latex\psnfss\ot1ptm.fd"
File: ot1ptm.fd 2001/06/04 font definitions for OT1/ptm.
)
\@IEEEnormalsizefontbaselineskip=\skip41

-- This is a 10 point document.
\normalsizebaselineskip=\skip42
\normaljot=\skip43
LaTeX Font Info:    Font shape `OT1/ptm/bx/n' in size <5> not available
(Font)              Font shape `OT1/ptm/b/n' tried instead on input line 1113.
LaTeX Font Info:    Font shape `OT1/ptm/bx/it' in size <5> not available
(Font)              Font shape `OT1/ptm/b/it' tried instead on input line 1113.

LaTeX Font Info:    Font shape `OT1/ptm/bx/n' in size <7> not available
(Font)              Font shape `OT1/ptm/b/n' tried instead on input line 1113.
LaTeX Font Info:    Font shape `OT1/ptm/bx/it' in size <7> not available
(Font)              Font shape `OT1/ptm/b/it' tried instead on input line 1113.

LaTeX Font Info:    Font shape `OT1/ptm/bx/n' in size <8> not available
(Font)              Font shape `OT1/ptm/b/n' tried instead on input line 1113.
LaTeX Font Info:    Font shape `OT1/ptm/bx/it' in size <8> not available
(Font)              Font shape `OT1/ptm/b/it' tried instead on input line 1113.

LaTeX Font Info:    Font shape `OT1/ptm/bx/n' in size <9> not available
(Font)              Font shape `OT1/ptm/b/n' tried instead on input line 1113.
LaTeX Font Info:    Font shape `OT1/ptm/bx/it' in size <9> not available
(Font)              Font shape `OT1/ptm/b/it' tried instead on input line 1113.

LaTeX Font Info:    Font shape `OT1/ptm/bx/n' in size <10> not available
(Font)              Font shape `OT1/ptm/b/n' tried instead on input line 1113.
LaTeX Font Info:    Font shape `OT1/ptm/bx/it' in size <10> not available
(Font)              Font shape `OT1/ptm/b/it' tried instead on input line 1113.

LaTeX Font Info:    Font shape `OT1/ptm/bx/n' in size <11> not available
(Font)              Font shape `OT1/ptm/b/n' tried instead on input line 1113.
LaTeX Font Info:    Font shape `OT1/ptm/bx/it' in size <11> not available
(Font)              Font shape `OT1/ptm/b/it' tried instead on input line 1113.

LaTeX Font Info:    Font shape `OT1/ptm/bx/n' in size <12> not available
(Font)              Font shape `OT1/ptm/b/n' tried instead on input line 1113.
LaTeX Font Info:    Font shape `OT1/ptm/bx/it' in size <12> not available
(Font)              Font shape `OT1/ptm/b/it' tried instead on input line 1113.

LaTeX Font Info:    Font shape `OT1/ptm/bx/n' in size <16> not available
(Font)              Font shape `OT1/ptm/b/n' tried instead on input line 1113.
LaTeX Font Info:    Font shape `OT1/ptm/bx/it' in size <16> not available
(Font)              Font shape `OT1/ptm/b/it' tried instead on input line 1113.

LaTeX Font Info:    Font shape `OT1/ptm/bx/n' in size <20> not available
(Font)              Font shape `OT1/ptm/b/n' tried instead on input line 1113.
LaTeX Font Info:    Font shape `OT1/ptm/bx/it' in size <20> not available
(Font)              Font shape `OT1/ptm/b/it' tried instead on input line 1113.

LaTeX Font Info:    Font shape `OT1/ptm/bx/n' in size <24> not available
(Font)              Font shape `OT1/ptm/b/n' tried instead on input line 1113.
LaTeX Font Info:    Font shape `OT1/ptm/bx/it' in size <24> not available
(Font)              Font shape `OT1/ptm/b/it' tried instead on input line 1113.

\IEEEilabelindentA=\dimen104
\IEEEilabelindentB=\dimen105
\IEEEilabelindent=\dimen106
\IEEEelabelindent=\dimen107
\IEEEdlabelindent=\dimen108
\labelindent=\dimen109
\IEEEiednormlabelsep=\dimen110
\IEEEiedmathlabelsep=\dimen111
\IEEEiedtopsep=\skip44
\c@section=\count81
\c@subsection=\count82
\c@subsubsection=\count83
\c@paragraph=\count84
\c@IEEEsubequation=\count85
\abovecaptionskip=\skip45
\belowcaptionskip=\skip46
\c@figure=\count86
\c@table=\count87
\@IEEEeqnnumcols=\count88
\@IEEEeqncolcnt=\count89
\@IEEEtmpitemindent=\dimen112
\c@biography=\count90
\@IEEEtranrubishbin=\box26
)
** ATTENTION: Overriding command lockouts (line 9).
** ATTENTION: Overriding IEEE standard margins (line 12).
("C:\Program Files\MiKTeX 2.9\tex\latex\amsmath\amsmath.sty"
Package: amsmath 2017/09/02 v2.17a AMS math features
\@mathmargin=\skip47

For additional information on amsmath, use the `?' option.
("C:\Program Files\MiKTeX 2.9\tex\latex\amsmath\amstext.sty"
Package: amstext 2000/06/29 v2.01 AMS text

("C:\Program Files\MiKTeX 2.9\tex\latex\amsmath\amsgen.sty"
File: amsgen.sty 1999/11/30 v2.0 generic functions
\@emptytoks=\toks15
\ex@=\dimen113
))
("C:\Program Files\MiKTeX 2.9\tex\latex\amsmath\amsbsy.sty"
Package: amsbsy 1999/11/29 v1.2d Bold Symbols
\pmbraise@=\dimen114
)
("C:\Program Files\MiKTeX 2.9\tex\latex\amsmath\amsopn.sty"
Package: amsopn 2016/03/08 v2.02 operator names
)
\inf@bad=\count91
LaTeX Info: Redefining \frac on input line 213.
\uproot@=\count92
\leftroot@=\count93
LaTeX Info: Redefining \overline on input line 375.
\classnum@=\count94
\DOTSCASE@=\count95
LaTeX Info: Redefining \ldots on input line 472.
LaTeX Info: Redefining \dots on input line 475.
LaTeX Info: Redefining \cdots on input line 596.
\Mathstrutbox@=\box27
\strutbox@=\box28
\big@size=\dimen115
LaTeX Font Info:    Redeclaring font encoding OML on input line 712.
LaTeX Font Info:    Redeclaring font encoding OMS on input line 713.
\macc@depth=\count96
\c@MaxMatrixCols=\count97
\dotsspace@=\muskip10
\c@parentequation=\count98
\dspbrk@lvl=\count99
\tag@help=\toks16
\row@=\count100
\column@=\count101
\maxfields@=\count102
\andhelp@=\toks17
\eqnshift@=\dimen116
\alignsep@=\dimen117
\tagshift@=\dimen118
\tagwidth@=\dimen119
\totwidth@=\dimen120
\lineht@=\dimen121
\@envbody=\toks18
\multlinegap=\skip48
\multlinetaggap=\skip49
\mathdisplay@stack=\toks19
LaTeX Info: Redefining \[ on input line 2817.
LaTeX Info: Redefining \] on input line 2818.
)
("C:\Program Files\MiKTeX 2.9\tex\latex\amsfonts\amssymb.sty"
Package: amssymb 2013/01/14 v3.01 AMS font symbols

("C:\Program Files\MiKTeX 2.9\tex\latex\amsfonts\amsfonts.sty"
Package: amsfonts 2013/01/14 v3.01 Basic AMSFonts support
\symAMSa=\mathgroup4
\symAMSb=\mathgroup5
LaTeX Font Info:    Overwriting math alphabet `\mathfrak' in version `bold'
(Font)                  U/euf/m/n --> U/euf/b/n on input line 106.
))
(C:\Users\Roel\AppData\Roaming\MiKTeX\2.9\tex\latex\bezos\accents.sty
Package: accents 2006/05/12 v1.3 Math Accent Tools
\cc@skew=\dimen122
\cc@wd=\dimen123
\cc@code=\count103
\cc@group=\count104
\cc@skewchar=\count105
)
("C:\Program Files\MiKTeX 2.9\tex\latex\graphics\graphicx.sty"
Package: graphicx 2017/06/01 v1.1a Enhanced LaTeX Graphics (DPC,SPQR)

("C:\Program Files\MiKTeX 2.9\tex\latex\graphics\keyval.sty"
Package: keyval 2014/10/28 v1.15 key=value parser (DPC)
\KV@toks@=\toks20
)
("C:\Program Files\MiKTeX 2.9\tex\latex\graphics\graphics.sty"
Package: graphics 2017/06/25 v1.2c Standard LaTeX Graphics (DPC,SPQR)

("C:\Program Files\MiKTeX 2.9\tex\latex\graphics\trig.sty"
Package: trig 2016/01/03 v1.10 sin cos tan (DPC)
)
("C:\Program Files\MiKTeX 2.9\tex\latex\graphics-cfg\graphics.cfg"
File: graphics.cfg 2016/06/04 v1.11 sample graphics configuration
)
Package graphics Info: Driver file: pdftex.def on input line 99.

("C:\Program Files\MiKTeX 2.9\tex\latex\graphics-def\pdftex.def"
File: pdftex.def 2017/06/24 v1.0g Graphics/color driver for pdftex
))
\Gin@req@height=\dimen124
\Gin@req@width=\dimen125
)
(C:\Users\Roel\AppData\Roaming\MiKTeX\2.9\tex\latex\framed\framed.sty
Package: framed 2011/10/22 v 0.96: framed or shaded text with page breaks
\OuterFrameSep=\skip50
\fb@frw=\dimen126
\fb@frh=\dimen127
\FrameRule=\dimen128
\FrameSep=\dimen129
)
(C:\Users\Roel\AppData\Roaming\MiKTeX\2.9\tex\latex\cite\cite.sty
LaTeX Info: Redefining \cite on input line 302.
LaTeX Info: Redefining \nocite on input line 332.
Package: cite 2015/02/27  v 5.5
)
("C:\Program Files\MiKTeX 2.9\tex\latex\float\float.sty"
Package: float 2001/11/08 v1.3d Float enhancements (AL)
\c@float@type=\count106
\float@exts=\toks21
\float@box=\box29
\@float@everytoks=\toks22
\@floatcapt=\box30
)
(C:\Users\Roel\AppData\Roaming\MiKTeX\2.9\tex\latex\caption\subcaption.sty
Package: subcaption 2016/05/22 v1.1-161 Sub-captions (AR)

(C:\Users\Roel\AppData\Roaming\MiKTeX\2.9\tex\latex\caption\caption.sty
Package: caption 2016/02/21 v3.3-144 Customizing captions (AR)

(C:\Users\Roel\AppData\Roaming\MiKTeX\2.9\tex\latex\caption\caption3.sty
Package: caption3 2016/05/22 v1.7-166 caption3 kernel (AR)
Package caption3 Info: TeX engine: e-TeX on input line 67.
\captionmargin=\dimen130
\captionmargin@=\dimen131
\captionwidth=\dimen132
\caption@tempdima=\dimen133
\caption@indent=\dimen134
\caption@parindent=\dimen135
\caption@hangindent=\dimen136
Package caption Info: Unknown document class (or package),
(caption)             standard defaults will be used.
)

Package caption Warning: Unsupported document class (or package) detected,
(caption)                usage of the caption package is not recommended.
See the caption package documentation for explanation.

Package caption Info: \@makecaption = \long macro:#1#2->\ifx \@captype \@IEEEta
blestring \begin {center}{\footnotesize #1}\\{\footnotesize \scshape #2}\end {c
enter}\@IEEEtablecaptionsepspace \else \@IEEEfigurecaptionsepspace \setbox \@te
mpboxa \hbox {\footnotesize #1.~~ #2}\ifdim \wd \@tempboxa >\hsize \setbox \@te
mpboxa \hbox {\footnotesize #1.~~ }\parbox [t]{\hsize }{\footnotesize \noindent
 \unhbox \@tempboxa #2}\else \ifcenterfigcaptions \hbox to\hsize {\footnotesize
 \hfil \box \@tempboxa \hfil }\else \hbox to\hsize {\footnotesize \box \@tempbo
xa \hfil }\fi \fi \fi .
\c@ContinuedFloat=\count107
Package caption Info: float package is loaded.
)
\c@subfigure=\count108
\c@subtable=\count109
)
("Energy Efficient Explosive Motion with Compliant Actuation Arrangements in Ar
ticulated Robots.aux")
\openout1 = `"Energy Efficient Explosive Motion with Compliant Actuation Arrang
ements in Articulated Robots.aux"'.

LaTeX Font Info:    Checking defaults for OML/cmm/m/it on input line 51.
LaTeX Font Info:    ... okay on input line 51.
LaTeX Font Info:    Checking defaults for T1/cmr/m/n on input line 51.
LaTeX Font Info:    ... okay on input line 51.
LaTeX Font Info:    Checking defaults for OT1/cmr/m/n on input line 51.
LaTeX Font Info:    ... okay on input line 51.
LaTeX Font Info:    Checking defaults for OMS/cmsy/m/n on input line 51.
LaTeX Font Info:    ... okay on input line 51.
LaTeX Font Info:    Checking defaults for OMX/cmex/m/n on input line 51.
LaTeX Font Info:    ... okay on input line 51.
LaTeX Font Info:    Checking defaults for U/cmr/m/n on input line 51.
LaTeX Font Info:    ... okay on input line 51.

(C:\Users\Roel\AppData\Roaming\MiKTeX\2.9\tex\context\base\supp-pdf.mkii
[Loading MPS to PDF converter (version 2006.09.02).]
\scratchcounter=\count110
\scratchdimen=\dimen137
\scratchbox=\box31
\nofMPsegments=\count111
\nofMParguments=\count112
\everyMPshowfont=\toks23
\MPscratchCnt=\count113
\MPscratchDim=\dimen138
\MPnumerator=\count114
\makeMPintoPDFobject=\count115
\everyMPtoPDFconversion=\toks24
) ("C:\Program Files\MiKTeX 2.9\tex\latex\oberdiek\epstopdf-base.sty"
Package: epstopdf-base 2016/05/15 v2.6 Base part for package epstopdf

("C:\Program Files\MiKTeX 2.9\tex\generic\oberdiek\infwarerr.sty"
Package: infwarerr 2016/05/16 v1.4 Providing info/warning/error messages (HO)
)
("C:\Program Files\MiKTeX 2.9\tex\latex\oberdiek\grfext.sty"
Package: grfext 2016/05/16 v1.2 Manage graphics extensions (HO)

("C:\Program Files\MiKTeX 2.9\tex\generic\oberdiek\kvdefinekeys.sty"
Package: kvdefinekeys 2016/05/16 v1.4 Define keys (HO)

("C:\Program Files\MiKTeX 2.9\tex\generic\oberdiek\ltxcmds.sty"
Package: ltxcmds 2016/05/16 v1.23 LaTeX kernel commands for general use (HO)
)))
("C:\Program Files\MiKTeX 2.9\tex\latex\oberdiek\kvoptions.sty"
Package: kvoptions 2016/05/16 v3.12 Key value format for package options (HO)

("C:\Program Files\MiKTeX 2.9\tex\generic\oberdiek\kvsetkeys.sty"
Package: kvsetkeys 2016/05/16 v1.17 Key value parser (HO)

("C:\Program Files\MiKTeX 2.9\tex\generic\oberdiek\etexcmds.sty"
Package: etexcmds 2016/05/16 v1.6 Avoid name clashes with e-TeX commands (HO)

("C:\Program Files\MiKTeX 2.9\tex\generic\oberdiek\ifluatex.sty"
Package: ifluatex 2016/05/16 v1.4 Provides the ifluatex switch (HO)
Package ifluatex Info: LuaTeX not detected.
)
Package etexcmds Info: Could not find \expanded.
(etexcmds)             That can mean that you are not using pdfTeX 1.50 or
(etexcmds)             that some package has redefined \expanded.
(etexcmds)             In the latter case, load this package earlier.
)))
("C:\Program Files\MiKTeX 2.9\tex\generic\oberdiek\pdftexcmds.sty"
Package: pdftexcmds 2017/03/19 v0.25 Utility functions of pdfTeX for LuaTeX (HO
)

("C:\Program Files\MiKTeX 2.9\tex\generic\oberdiek\ifpdf.sty"
Package: ifpdf 2017/03/15 v3.2 Provides the ifpdf switch
)
Package pdftexcmds Info: LuaTeX not detected.
Package pdftexcmds Info: \pdf@primitive is available.
Package pdftexcmds Info: \pdf@ifprimitive is available.
Package pdftexcmds Info: \pdfdraftmode found.
)
Package epstopdf-base Info: Redefining graphics rule for `.eps' on input line 4
38.
Package grfext Info: Graphics extension search list:
(grfext)             [.pdf,.png,.jpg,.mps,.jpeg,.jbig2,.jb2,.PDF,.PNG,.JPG,.JPE
G,.JBIG2,.JB2,.eps]
(grfext)             \AppendGraphicsExtensions on input line 456.
)
Package caption Info: Begin \AtBeginDocument code.
Package caption Info: End \AtBeginDocument code.
LaTeX Font Info:    Calculating math sizes for size <11> on input line 55.
LaTeX Font Info:    Try loading font information for U+msa on input line 55.

("C:\Program Files\MiKTeX 2.9\tex\latex\amsfonts\umsa.fd"
File: umsa.fd 2013/01/14 v3.01 AMS symbols A
)
LaTeX Font Info:    Try loading font information for U+msb on input line 55.

("C:\Program Files\MiKTeX 2.9\tex\latex\amsfonts\umsb.fd"
File: umsb.fd 2013/01/14 v3.01 AMS symbols B
)
LaTeX Font Info:    Try loading font information for OT1+pcr on input line 55.

("C:\Program Files\MiKTeX 2.9\tex\latex\psnfss\ot1pcr.fd"
File: ot1pcr.fd 2001/06/04 font definitions for OT1/pcr.
)
LaTeX Font Info:    Try loading font information for OMS+pcr on input line 55.

("C:\Program Files\MiKTeX 2.9\tex\latex\psnfss\omspcr.fd"
File: omspcr.fd 
)
LaTeX Font Info:    Font shape `OMS/pcr/m/n' in size <8> not available
(Font)              Font shape `OMS/cmsy/m/n' tried instead on input line 55.

Underfull \hbox (badness 1931) in paragraph at lines 55--55
[][][]$[]$\OT1/ptm/m/n/8 Wesley Rooz-ing and Niko-laos G. Tsagarakis are with t
he De-
 []

Missing character: There is no â in font ptmr7t!
Missing character: There is no € in font ptmr7t!
Missing character: There is no ™ in font ptmr7t!
[1{C:/Users/Roel/AppData/Local/MiKTeX/2.9/pdftex/config/pdftex.map}


]
LaTeX Font Info:    Try loading font information for U+euf on input line 137.

("C:\Program Files\MiKTeX 2.9\tex\latex\amsfonts\ueuf.fd"
File: ueuf.fd 2013/01/14 v3.01 Euler Fraktur
)
Underfull \hbox (badness 10000) in paragraph at lines 144--146
\OT1/ptm/m/n/10 Here, the damp-ing ma-trix is de-noted by $\OML/cmm/m/it/10 D \
OT1/cmr/m/n/10 =
 []


Underfull \hbox (badness 3209) in paragraph at lines 144--146
[]\OT1/cmr/m/n/10 (0\OML/cmm/m/it/10 ; \OT1/cmr/m/n/10 0\OML/cmm/m/it/10 ; \OT1
/cmr/m/n/10 0\OML/cmm/m/it/10 ; d[]; d[]; d[]\OT1/cmr/m/n/10 )$\OT1/ptm/m/n/10 
, the gen-er-alised ac-tu-a-tion forces
 []


Underfull \hbox (badness 2096) in paragraph at lines 144--146
\OT1/ptm/m/n/10 Spring-dampers de-fine $\OT1/cmr/bx/n/10 F[]$ \OT1/ptm/m/n/10 i
n the ver-ti-cal di-rec-tion
 []

[2]
Underfull \hbox (badness 10000) in paragraph at lines 237--239

 []


Overfull \hbox (33.14822pt too wide) detected at line 271
[][]
 []


Underfull \hbox (badness 10000) in paragraph at lines 273--274

 []


Underfull \hbox (badness 10000) in paragraph at lines 277--278

 []

[3]
Underfull \hbox (badness 10000) in paragraph at lines 281--282

 []


Underfull \hbox (badness 10000) in paragraph at lines 286--287

 []

<initialguess.pdf, id=30, pagebox=cropbox, 295.60437pt x 291.0875pt>
File: initialguess.pdf Graphic file (type pdf)
<use initialguess.pdf>
Package pdftex.def Info: initialguess.pdf  used on input line 299. on input lin
e 299.
Package pdftex.def Info: Requested size: 206.92163pt x 203.75984pt on input lin
e 299.

LaTeX Warning: Reference `minenergy' on page 4 undefined on input line 308.


Overfull \hbox (35.27373pt too wide) in paragraph at lines 314--323
 [] 
 []


LaTeX Warning: `h' float specifier changed to `ht'.

[4 <./initialguess.pdf>]
<noESB/q1_traj.pdf, id=39, pagebox=cropbox, 338.5147pt x 134.21143pt>
File: noESB/q1_traj.pdf Graphic file (type pdf)
<use noESB/q1_traj.pdf>
Package pdftex.def Info: noESB/q1_traj.pdf  used on input line 354. on input li
ne 354.
Package pdftex.def Info: Requested size: 227.64894pt x 90.25908pt on input line
 354.
<noESB/q2_traj.pdf, id=40, pagebox=cropbox, 335.50343pt x 134.21143pt>
File: noESB/q2_traj.pdf Graphic file (type pdf)
<use noESB/q2_traj.pdf>
Package pdftex.def Info: noESB/q2_traj.pdf  used on input line 358. on input li
ne 358.
Package pdftex.def Info: Requested size: 227.64894pt x 91.06595pt on input line
 358.
<noESB/q3_traj.pdf, id=41, pagebox=cropbox, 330.23375pt x 134.21143pt>
File: noESB/q3_traj.pdf Graphic file (type pdf)
<use noESB/q3_traj.pdf>
Package pdftex.def Info: noESB/q3_traj.pdf  used on input line 362. on input li
ne 362.
Package pdftex.def Info: Requested size: 227.64894pt x 92.522pt on input line 3
62.
<noESB/crit_high.pdf, id=42, pagebox=cropbox, 332.49219pt x 346.79562pt>
File: noESB/crit_high.pdf Graphic file (type pdf)
<use noESB/crit_high.pdf>
Package pdftex.def Info: noESB/crit_high.pdf  used on input line 367. on input 
line 367.
Package pdftex.def Info: Requested size: 227.64894pt x 237.44244pt on input lin
e 367.
<noESB/ESB_storage.pdf, id=43, pagebox=cropbox, 327.2225pt x 134.21143pt>
File: noESB/ESB_storage.pdf Graphic file (type pdf)
<use noESB/ESB_storage.pdf>
Package pdftex.def Info: noESB/ESB_storage.pdf  used on input line 372. on inpu
t line 372.
Package pdftex.def Info: Requested size: 227.64894pt x 93.36984pt on input line
 372.
<q1_traj.pdf, id=44, pagebox=cropbox, 338.5147pt x 134.21143pt>
File: q1_traj.pdf Graphic file (type pdf)
<use q1_traj.pdf>
Package pdftex.def Info: q1_traj.pdf  used on input line 378. on input line 378
.
Package pdftex.def Info: Requested size: 227.64894pt x 90.25908pt on input line
 378.
<q2_traj.pdf, id=45, pagebox=cropbox, 335.50343pt x 134.21143pt>
File: q2_traj.pdf Graphic file (type pdf)
<use q2_traj.pdf>
Package pdftex.def Info: q2_traj.pdf  used on input line 382. on input line 382
.
Package pdftex.def Info: Requested size: 227.64894pt x 91.06595pt on input line
 382.
<q3_traj.pdf, id=46, pagebox=cropbox, 330.23375pt x 134.21143pt>
File: q3_traj.pdf Graphic file (type pdf)
<use q3_traj.pdf>
Package pdftex.def Info: q3_traj.pdf  used on input line 386. on input line 386
.
Package pdftex.def Info: Requested size: 227.64894pt x 92.522pt on input line 3
86.
<crit_high.pdf, id=47, pagebox=cropbox, 332.49219pt x 346.79562pt>
File: crit_high.pdf Graphic file (type pdf)
<use crit_high.pdf>
Package pdftex.def Info: crit_high.pdf  used on input line 391. on input line 3
91.
Package pdftex.def Info: Requested size: 227.64894pt x 237.44244pt on input lin
e 391.
<ESB_storage.pdf, id=48, pagebox=cropbox, 327.2225pt x 134.21143pt>
File: ESB_storage.pdf Graphic file (type pdf)
<use ESB_storage.pdf>
Package pdftex.def Info: ESB_storage.pdf  used on input line 396. on input line
 396.
Package pdftex.def Info: Requested size: 227.64894pt x 93.36984pt on input line
 396.

Underfull \vbox (badness 10000) has occurred while \output is active []

 [5 <./noESB/q1_traj.pdf> <./noESB/q2_traj.pdf> <./noESB/q3_traj.pdf> <./noESB/
crit_high.pdf> <./noESB/ESB_storage.pdf> <./q1_traj.pdf> <./q2_traj.pdf> <./q3_
traj.pdf> <./crit_high.pdf> <./ESB_storage.pdf>]
File: q1_traj.pdf Graphic file (type pdf)
<use q1_traj.pdf>
Package pdftex.def Info: q1_traj.pdf  used on input line 429. on input line 429
.
Package pdftex.def Info: Requested size: 227.64894pt x 90.25908pt on input line
 429.
File: q2_traj.pdf Graphic file (type pdf)
<use q2_traj.pdf>
Package pdftex.def Info: q2_traj.pdf  used on input line 433. on input line 433
.
Package pdftex.def Info: Requested size: 227.64894pt x 91.06595pt on input line
 433.
File: q3_traj.pdf Graphic file (type pdf)
<use q3_traj.pdf>
Package pdftex.def Info: q3_traj.pdf  used on input line 437. on input line 437
.
Package pdftex.def Info: Requested size: 227.64894pt x 92.522pt on input line 4
37.
File: crit_high.pdf Graphic file (type pdf)
<use crit_high.pdf>
Package pdftex.def Info: crit_high.pdf  used on input line 442. on input line 4
42.
Package pdftex.def Info: Requested size: 227.64894pt x 237.44244pt on input lin
e 442.
File: ESB_storage.pdf Graphic file (type pdf)
<use ESB_storage.pdf>
Package pdftex.def Info: ESB_storage.pdf  used on input line 447. on input line
 447.
Package pdftex.def Info: Requested size: 227.64894pt x 93.36984pt on input line
 447.

("Energy Efficient Explosive Motion with Compliant Actuation Arrangements in Ar
ticulated Robots.bbl"
Underfull \vbox (badness 10000) has occurred while \output is active []

 [6])

** Conference Paper **
Before submitting the final camera ready copy, remember to:

 1. Manually equalize the lengths of two columns on the last page
 of your paper;

 2. Ensure that any PostScript and/or PDF output post-processing
 uses only Type 1 fonts and that every step in the generation
 process uses the US letter (8.5in X 11in) paper size.

[7

]
("Energy Efficient Explosive Motion with Compliant Actuation Arrangements in Ar
ticulated Robots.aux")

LaTeX Warning: There were undefined references.

 ) 
Here is how much of TeX's memory you used:
 4476 strings out of 493312
 69632 string characters out of 3138902
 136280 words of memory out of 3000000
 7930 multiletter control sequences out of 15000+200000
 50177 words of font info for 117 fonts, out of 3000000 for 9000
 1141 hyphenation exceptions out of 8191
 42i,17n,40p,1440b,333s stack positions out of 5000i,500n,10000p,200000b,50000s
{C:/Program Files/MiKTeX 2.9/fonts/enc/dvips/base/8r.enc}<C:/Program Files/Mi
KTeX 2.9/fonts/type1/public/amsfonts/cm/cmbx10.pfb><C:/Program Files/MiKTeX 2.9
/fonts/type1/public/amsfonts/cm/cmbx7.pfb><C:/Program Files/MiKTeX 2.9/fonts/ty
pe1/public/amsfonts/cm/cmex10.pfb><C:/Program Files/MiKTeX 2.9/fonts/type1/publ
ic/amsfonts/cm/cmmi10.pfb><C:/Program Files/MiKTeX 2.9/fonts/type1/public/amsfo
nts/cm/cmmi7.pfb><C:/Program Files/MiKTeX 2.9/fonts/type1/public/amsfonts/cm/cm
mib10.pfb><C:/Program Files/MiKTeX 2.9/fonts/type1/public/amsfonts/cm/cmr10.pfb
><C:/Program Files/MiKTeX 2.9/fonts/type1/public/amsfonts/cm/cmr6.pfb><C:/Progr
am Files/MiKTeX 2.9/fonts/type1/public/amsfonts/cm/cmr7.pfb><C:/Program Files/M
iKTeX 2.9/fonts/type1/public/amsfonts/cm/cmr8.pfb><C:/Program Files/MiKTeX 2.9/
fonts/type1/public/amsfonts/cm/cmsy10.pfb><C:/Program Files/MiKTeX 2.9/fonts/ty
pe1/public/amsfonts/cm/cmsy7.pfb><C:/Program Files/MiKTeX 2.9/fonts/type1/publi
c/amsfonts/cm/cmsy8.pfb><C:/Program Files/MiKTeX 2.9/fonts/type1/public/amsfont
s/euler/eufm10.pfb><C:/Program Files/MiKTeX 2.9/fonts/type1/urw/courier/ucrr8a.
pfb><C:/Program Files/MiKTeX 2.9/fonts/type1/urw/times/utmb8a.pfb><C:/Program F
iles/MiKTeX 2.9/fonts/type1/urw/times/utmbi8a.pfb><C:/Program Files/MiKTeX 2.9/
fonts/type1/urw/times/utmr8a.pfb><C:/Program Files/MiKTeX 2.9/fonts/type1/urw/t
imes/utmri8a.pfb>
Output written on "Energy Efficient Explosive Motion with Compliant Actuation A
rrangements in Articulated Robots.pdf" (7 pages, 5709302 bytes).
PDF statistics:
 169 PDF objects out of 1000 (max. 8388607)
 0 named destinations out of 1000 (max. 500000)
 56 words of extra memory for PDF output out of 10000 (max. 10000000)

